2026-01-18T22:35:14.672+08:00  INFO 52916 --- [HIS-Gateway] [main] com.his.HisGatewayApplication            : Starting HisGatewayApplication using Java 21.0.9 with PID 52916 (G:\workspace-java\HIS\HIS-Gateway\${project.build.directory}\classes started by 6800 in G:\workspace-java\HIS)
2026-01-18T22:35:14.676+08:00  INFO 52916 --- [HIS-Gateway] [main] com.his.HisGatewayApplication            : No active profile set, falling back to 1 default profile: "default"
2026-01-18T22:35:15.742+08:00  INFO 52916 --- [HIS-Gateway] [main] o.s.boot.tomcat.TomcatWebServer          : Tomcat initialized with port 9999 (http)
2026-01-18T22:35:15.754+08:00  INFO 52916 --- [HIS-Gateway] [main] o.apache.catalina.core.StandardService   : Starting service [Tomcat]
2026-01-18T22:35:15.761+08:00  INFO 52916 --- [HIS-Gateway] [main] o.apache.catalina.core.StandardEngine    : Starting Servlet engine: [Apache Tomcat/11.0.15]
2026-01-18T22:35:15.811+08:00  INFO 52916 --- [HIS-Gateway] [main] b.w.c.s.WebApplicationContextInitializer : Root WebApplicationContext: initialization completed in 1091 ms
2026-01-18T22:35:16.473+08:00  INFO 52916 --- [HIS-Gateway] [main] o.s.b.a.e.web.EndpointLinksResolver      : Exposing 1 endpoint beneath base path '/actuator'
2026-01-18T22:35:16.522+08:00  INFO 52916 --- [HIS-Gateway] [main] o.s.boot.tomcat.TomcatWebServer          : Tomcat started on port 9999 (http) with context path '/'
2026-01-18T22:35:16.527+08:00  INFO 52916 --- [HIS-Gateway] [main] com.his.HisGatewayApplication            : Started HisGatewayApplication in 2.3 seconds (process running for 2.994)
2026-01-18T22:35:16.834+08:00  INFO 52916 --- [HIS-Gateway] [RMI TCP Connection(1)-192.168.1.4] o.a.c.c.C.[Tomcat].[localhost].[/]       : Initializing Spring DispatcherServlet 'dispatcherServlet'
2026-01-18T22:35:16.834+08:00  INFO 52916 --- [HIS-Gateway] [RMI TCP Connection(1)-192.168.1.4] o.s.web.servlet.DispatcherServlet        : Initializing Servlet 'dispatcherServlet'
2026-01-18T22:35:16.835+08:00  INFO 52916 --- [HIS-Gateway] [RMI TCP Connection(1)-192.168.1.4] o.s.web.servlet.DispatcherServlet        : Completed initialization in 1 ms
2026-01-18T22:39:48.921+08:00  INFO 52916 --- [HIS-Gateway] [SpringApplicationShutdownHook] o.s.boot.tomcat.GracefulShutdown         : Commencing graceful shutdown. Waiting for active requests to complete
2026-01-18T22:39:48.929+08:00  INFO 52916 --- [HIS-Gateway] [tomcat-shutdown] o.s.boot.tomcat.GracefulShutdown         : Graceful shutdown complete
2026-01-18T22:39:48.951+08:00  WARN 52916 --- [HIS-Gateway] [SpringApplicationShutdownHook] c.n.c.sources.URLConfigurationSource     : No URLs will be polled as dynamic configuration sources.
2026-01-18T22:39:48.951+08:00  INFO 52916 --- [HIS-Gateway] [SpringApplicationShutdownHook] c.n.c.sources.URLConfigurationSource     : To enable URLs as dynamic configuration sources, define System property archaius.configurationSource.additionalUrls or make config.properties available on classpath.
2026-01-18T22:39:51.230+08:00  INFO 54124 --- [HIS-Gateway] [main] com.his.HisGatewayApplication            : Starting HisGatewayApplication using Java 21.0.9 with PID 54124 (G:\workspace-java\HIS\HIS-Gateway\${project.build.directory}\classes started by 6800 in G:\workspace-java\HIS)
2026-01-18T22:39:51.233+08:00  INFO 54124 --- [HIS-Gateway] [main] com.his.HisGatewayApplication            : No active profile set, falling back to 1 default profile: "default"
2026-01-18T22:39:52.311+08:00  INFO 54124 --- [HIS-Gateway] [main] o.s.boot.tomcat.TomcatWebServer          : Tomcat initialized with port 9999 (http)
2026-01-18T22:39:52.323+08:00  INFO 54124 --- [HIS-Gateway] [main] o.apache.catalina.core.StandardService   : Starting service [Tomcat]
2026-01-18T22:39:52.324+08:00  INFO 54124 --- [HIS-Gateway] [main] o.apache.catalina.core.StandardEngine    : Starting Servlet engine: [Apache Tomcat/11.0.15]
2026-01-18T22:39:52.370+08:00  INFO 54124 --- [HIS-Gateway] [main] b.w.c.s.WebApplicationContextInitializer : Root WebApplicationContext: initialization completed in 1100 ms
2026-01-18T22:39:52.965+08:00  INFO 54124 --- [HIS-Gateway] [main] o.s.b.a.e.web.EndpointLinksResolver      : Exposing 1 endpoint beneath base path '/actuator'
2026-01-18T22:39:53.017+08:00  INFO 54124 --- [HIS-Gateway] [main] o.s.boot.tomcat.TomcatWebServer          : Tomcat started on port 9999 (http) with context path '/'
2026-01-18T22:39:53.023+08:00  INFO 54124 --- [HIS-Gateway] [main] com.his.HisGatewayApplication            : Started HisGatewayApplication in 2.279 seconds (process running for 3.02)
2026-01-18T22:39:53.314+08:00  INFO 54124 --- [HIS-Gateway] [RMI TCP Connection(1)-192.168.1.4] o.a.c.c.C.[Tomcat].[localhost].[/]       : Initializing Spring DispatcherServlet 'dispatcherServlet'
2026-01-18T22:39:53.315+08:00  INFO 54124 --- [HIS-Gateway] [RMI TCP Connection(1)-192.168.1.4] o.s.web.servlet.DispatcherServlet        : Initializing Servlet 'dispatcherServlet'
2026-01-18T22:39:53.316+08:00  INFO 54124 --- [HIS-Gateway] [RMI TCP Connection(1)-192.168.1.4] o.s.web.servlet.DispatcherServlet        : Completed initialization in 1 ms
2026-01-18T22:41:56.396+08:00  INFO 54124 --- [HIS-Gateway] [SpringApplicationShutdownHook] o.s.boot.tomcat.GracefulShutdown         : Commencing graceful shutdown. Waiting for active requests to complete
2026-01-18T22:41:56.403+08:00  INFO 54124 --- [HIS-Gateway] [tomcat-shutdown] o.s.boot.tomcat.GracefulShutdown         : Graceful shutdown complete
2026-01-18T22:41:56.427+08:00  WARN 54124 --- [HIS-Gateway] [SpringApplicationShutdownHook] c.n.c.sources.URLConfigurationSource     : No URLs will be polled as dynamic configuration sources.
2026-01-18T22:41:56.427+08:00  INFO 54124 --- [HIS-Gateway] [SpringApplicationShutdownHook] c.n.c.sources.URLConfigurationSource     : To enable URLs as dynamic configuration sources, define System property archaius.configurationSource.additionalUrls or make config.properties available on classpath.
